1712166787185	geckodriver	INFO	Listening on 127.0.0.1:50282
1712166790242	mozrunner::runner	INFO	Running command: "C:\\Program Files\\Mozilla Firefox\\firefox.exe" "--marionette" "--remote-debugging-port" "50283" "--remote-allow-hosts" "localhost" "-no-remote" "-profile" "C:\\Users\\User\\AppData\\Local\\Temp\\rust_mozprofilejYcqvo"
console.warn: services.settings: Ignoring preference override of remote settings server
console.warn: services.settings: Allow by setting MOZ_REMOTE_SETTINGS_DEVTOOLS=1 in the environment
1712166790841	Marionette	INFO	Marionette enabled
Dynamically enable window occlusion 0
1712166790981	Marionette	INFO	Listening on port 50290
WebDriver BiDi listening on ws://127.0.0.1:50283
Read port: 50290
1712166791485	RemoteAgent	WARN	TLS certificate errors will be ignored for this session
DevTools listening on ws://127.0.0.1:50283/devtools/browser/a2121a92-04fa-49b2-822b-e9e76336794f
1712166795315	Marionette	INFO	Stopped listening on port 50290
Dynamically enable window occlusion 1
console.error: "Could not load engine google@search.mozilla.org: Error: XPIProvider can't start bootstrap scope for google@search.mozilla.org after shutdown was already granted"
console.error: "Could not load engine wikipedia@search.mozilla.org: Error: XPIProvider can't start bootstrap scope for wikipedia@search.mozilla.org after shutdown was already granted"
console.error: "Could not load engine ddg@search.mozilla.org: Error: XPIProvider can't start bootstrap scope for ddg@search.mozilla.org after shutdown was already granted"
console.error: SearchService: "Could not find a replacement default engine."
console.warn: SearchService: "#init: abandoning init due to shutting down"
JavaScript error: , line 0: uncaught exception: 2147500036
JavaScript error: , line 0: uncaught exception: 2147500036
JavaScript error: , line 0: uncaught exception: 2147500036
